2018-03-22 18:03:42,946 INFO [9] PinkyAndBrain.GuiInterface..ctor - Starting program...
2018-03-22 18:03:43,064 INFO [9] PinkyAndBrain.MotomanController..ctor - MotomanController created.
2018-03-22 18:03:43,066 INFO [9] LED.Strip.Adressable.LEDController..ctor - LEDController created.
2018-03-22 18:03:43,067 INFO [9] LED.Strip.Adressable.LEDController.OpenConnection - Openning Connection.
2018-03-22 18:03:43,085 INFO [9] LED.Strip.Adressable.LEDController..ctor - LEDController created.
2018-03-22 18:03:43,086 INFO [9] LED.Strip.Adressable.LEDController.OpenConnection - Openning Connection.
2018-03-22 18:03:43,104 INFO [9] LED.Strip.Adressable.LEDController.ResetLeds - Reset Leds begin
2018-03-22 18:03:43,105 INFO [9] LED.Strip.Adressable.LEDController.SendInitDataSign - Sending a sign of init data.
2018-03-22 18:03:43,109 INFO [9] LED.Strip.Adressable.LEDController.SendPlacesDataFrames - Leds packet send.
2018-03-22 18:03:43,119 INFO [9] LED.Strip.Adressable.LEDController.SendPlacesDataFrames - Leds packet send.
2018-03-22 18:03:43,136 INFO [9] LED.Strip.Adressable.LEDController.SendPlacesDataFrames - Leds packet send.
2018-03-22 18:03:43,147 INFO [9] LED.Strip.Adressable.LEDController.SendEndOfDataSign - Sending sign of data ended.
2018-03-22 18:03:43,147 INFO [9] LED.Strip.Adressable.LEDController.ExecuteFrame - Leds execution command sent
2018-03-22 18:03:43,148 INFO [9] LED.Strip.Adressable.LEDController.ResetLeds - Reset Leds finished
2018-03-22 18:03:43,148 INFO [9] LED.Strip.Adressable.LEDController.ResetLeds - Reset Leds begin
2018-03-22 18:03:43,148 INFO [9] LED.Strip.Adressable.LEDController.SendInitDataSign - Sending a sign of init data.
2018-03-22 18:03:43,152 INFO [9] LED.Strip.Adressable.LEDController.SendPlacesDataFrames - Leds packet send.
2018-03-22 18:03:43,163 INFO [9] LED.Strip.Adressable.LEDController.SendPlacesDataFrames - Leds packet send.
2018-03-22 18:03:43,173 INFO [9] LED.Strip.Adressable.LEDController.SendPlacesDataFrames - Leds packet send.
2018-03-22 18:03:43,184 INFO [9] LED.Strip.Adressable.LEDController.SendEndOfDataSign - Sending sign of data ended.
2018-03-22 18:03:43,184 INFO [9] LED.Strip.Adressable.LEDController.ExecuteFrame - Leds execution command sent
2018-03-22 18:03:43,185 INFO [9] LED.Strip.Adressable.LEDController.ResetLeds - Reset Leds finished
2018-03-22 18:03:43,329 INFO [9] AlphaOmegaSystem.AlphaOmegaEventsWriter..ctor - AlphaOmegaEventsWriter created.
2018-03-22 18:07:00,728 INFO [9] PinkyAndBrain.MotomanController.SetServoOff - Setting Yaskawa robot servo off.
2018-03-22 18:07:00,758 INFO [9] LED.Strip.Adressable.LEDController.CloseConnection - Closing Connection.
2018-03-22 18:07:00,763 INFO [9] LED.Strip.Adressable.LEDController.CloseConnection - Closing Connection.
