2017-10-04 14:27:16,818 INFO [9] PinkyAndBrain._specialModesGroupBox..ctor - Starting program...
2017-10-04 14:27:16,846 INFO [9] LED.Strip.Adressable.LEDController.ResetLeds - Reset Leds begin
2017-10-04 14:27:16,849 INFO [9] LED.Strip.Adressable.LEDController.SendData - Leds packet send.
2017-10-04 14:27:16,860 INFO [9] LED.Strip.Adressable.LEDController.SendData - Leds packet send.
2017-10-04 14:27:16,871 INFO [9] LED.Strip.Adressable.LEDController.SendData - Leds packet send.
2017-10-04 14:27:16,881 INFO [9] LED.Strip.Adressable.LEDController.SendData - Leds packet send.
2017-10-04 14:27:16,891 INFO [9] LED.Strip.Adressable.LEDController.SendData - Leds packet send.
2017-10-04 14:27:16,902 INFO [9] LED.Strip.Adressable.LEDController.ExecuteCommands - Leds execution command sent
2017-10-04 14:27:16,903 INFO [9] LED.Strip.Adressable.LEDController.ResetLeds - Reset Leds finished
2017-10-04 15:04:10,806 INFO [9] PinkyAndBrain._specialModesGroupBox..ctor - Starting program...
2017-10-04 15:04:10,833 INFO [9] LED.Strip.Adressable.LEDController.ResetLeds - Reset Leds begin
2017-10-04 15:04:10,837 INFO [9] LED.Strip.Adressable.LEDController.SendData - Leds packet send.
2017-10-04 15:04:10,848 INFO [9] LED.Strip.Adressable.LEDController.SendData - Leds packet send.
2017-10-04 15:04:10,858 INFO [9] LED.Strip.Adressable.LEDController.SendData - Leds packet send.
2017-10-04 15:04:10,868 INFO [9] LED.Strip.Adressable.LEDController.SendData - Leds packet send.
2017-10-04 15:04:10,878 INFO [9] LED.Strip.Adressable.LEDController.SendData - Leds packet send.
2017-10-04 15:04:10,889 INFO [9] LED.Strip.Adressable.LEDController.ExecuteCommands - Leds execution command sent
2017-10-04 15:04:10,890 INFO [9] LED.Strip.Adressable.LEDController.ResetLeds - Reset Leds finished
2017-10-04 15:04:19,865 INFO [9] PinkyAndBrain._specialModesGroupBox.SetWaterRewardsMeasure - Reseting reward measure interactive panel....
2017-10-04 15:04:19,886 INFO [14] PinkyAndBrain.ControlLoop.InitializationStage - Initialization Stage of trial #1
2017-10-04 15:04:20,227 INFO [14] PinkyAndBrain.ControlLoop.UpdateYasakawaRobotJBIFile - Writing job to the robot.
2017-10-04 15:04:20,450 INFO [14] PinkyAndBrain.ControlLoop.UpdateYasakawaRobotJBIFile - Writing job to the robot ended.
2017-10-04 15:04:20,455 INFO [14] LED.Strip.Adressable.LEDController.SendData - Leds packet send.
2017-10-04 15:04:20,466 INFO [14] LED.Strip.Adressable.LEDController.SendData - Leds packet send.
2017-10-04 15:04:20,476 INFO [14] LED.Strip.Adressable.LEDController.SendData - Leds packet send.
2017-10-04 15:04:20,486 INFO [14] LED.Strip.Adressable.LEDController.SendData - Leds packet send.
2017-10-04 15:04:20,496 INFO [14] LED.Strip.Adressable.LEDController.SendData - Leds packet send.
2017-10-04 15:04:20,507 INFO [14] LED.Strip.Adressable.LEDController.ExecuteCommands - Leds execution command sent
2017-10-04 15:04:20,565 INFO [13] PinkyAndBrain.ControlLoop.MoveYasakawaRobotWithTrajectory - Moving the robot begin.
2017-10-04 15:04:21,632 INFO [13] PinkyAndBrain.ControlLoop.MoveYasakawaRobotWithTrajectory - Moving the robot finished.
2017-10-04 15:04:21,632 INFO [14] LED.Strip.Adressable.LEDController.ResetLeds - Reset Leds begin
2017-10-04 15:04:21,634 INFO [14] LED.Strip.Adressable.LEDController.SendData - Leds packet send.
2017-10-04 15:04:21,645 INFO [14] LED.Strip.Adressable.LEDController.SendData - Leds packet send.
2017-10-04 15:04:21,655 INFO [14] LED.Strip.Adressable.LEDController.SendData - Leds packet send.
2017-10-04 15:04:21,665 INFO [14] LED.Strip.Adressable.LEDController.SendData - Leds packet send.
2017-10-04 15:04:21,675 INFO [14] LED.Strip.Adressable.LEDController.SendData - Leds packet send.
2017-10-04 15:04:21,686 INFO [14] LED.Strip.Adressable.LEDController.ExecuteCommands - Leds execution command sent
2017-10-04 15:04:21,687 INFO [14] LED.Strip.Adressable.LEDController.ResetLeds - Reset Leds finished
2017-10-04 15:04:21,687 INFO [14] PinkyAndBrain.ControlLoop.MovingTheRobotDurationWithHeadCenterStabilityStage - End MovingTheRobotDurationWithHeadCenterStabilityStage
2017-10-04 15:04:24,570 INFO [14] PinkyAndBrain.ControlLoop.UpdateYasakawaRobotJBIFile - Writing job to the robot.
2017-10-04 15:04:24,789 INFO [14] PinkyAndBrain.ControlLoop.UpdateYasakawaRobotJBIFile - Writing job to the robot ended.
2017-10-04 15:04:24,901 INFO [15] PinkyAndBrain.ControlLoop.MoveYasakawaRobotWithTrajectory - Moving the robot begin.
2017-10-04 15:04:25,955 INFO [15] PinkyAndBrain.ControlLoop.MoveYasakawaRobotWithTrajectory - Moving the robot finished.
2017-10-04 15:04:26,789 INFO [14] PinkyAndBrain.ControlLoop.InitializationStage - Initialization Stage of trial #2
2017-10-04 15:04:27,128 INFO [14] PinkyAndBrain.ControlLoop.UpdateYasakawaRobotJBIFile - Writing job to the robot.
2017-10-04 15:04:27,349 INFO [14] PinkyAndBrain.ControlLoop.UpdateYasakawaRobotJBIFile - Writing job to the robot ended.
2017-10-04 15:04:27,351 INFO [14] LED.Strip.Adressable.LEDController.SendData - Leds packet send.
2017-10-04 15:04:27,362 INFO [14] LED.Strip.Adressable.LEDController.SendData - Leds packet send.
2017-10-04 15:04:27,372 INFO [14] LED.Strip.Adressable.LEDController.SendData - Leds packet send.
2017-10-04 15:04:27,382 INFO [14] LED.Strip.Adressable.LEDController.SendData - Leds packet send.
2017-10-04 15:04:27,392 INFO [14] LED.Strip.Adressable.LEDController.SendData - Leds packet send.
2017-10-04 15:04:27,403 INFO [14] LED.Strip.Adressable.LEDController.ExecuteCommands - Leds execution command sent
2017-10-04 15:04:27,465 INFO [15] PinkyAndBrain.ControlLoop.MoveYasakawaRobotWithTrajectory - Moving the robot begin.
2017-10-04 15:04:28,565 INFO [15] PinkyAndBrain.ControlLoop.MoveYasakawaRobotWithTrajectory - Moving the robot finished.
2017-10-04 15:04:28,565 INFO [14] LED.Strip.Adressable.LEDController.ResetLeds - Reset Leds begin
2017-10-04 15:04:28,568 INFO [14] LED.Strip.Adressable.LEDController.SendData - Leds packet send.
2017-10-04 15:04:28,579 INFO [14] LED.Strip.Adressable.LEDController.SendData - Leds packet send.
2017-10-04 15:04:28,589 INFO [14] LED.Strip.Adressable.LEDController.SendData - Leds packet send.
2017-10-04 15:04:28,599 INFO [14] LED.Strip.Adressable.LEDController.SendData - Leds packet send.
2017-10-04 15:04:28,609 INFO [14] LED.Strip.Adressable.LEDController.SendData - Leds packet send.
2017-10-04 15:04:28,621 INFO [14] LED.Strip.Adressable.LEDController.ExecuteCommands - Leds execution command sent
2017-10-04 15:04:28,622 INFO [14] LED.Strip.Adressable.LEDController.ResetLeds - Reset Leds finished
2017-10-04 15:04:28,622 INFO [14] PinkyAndBrain.ControlLoop.MovingTheRobotDurationWithHeadCenterStabilityStage - End MovingTheRobotDurationWithHeadCenterStabilityStage
2017-10-04 15:04:31,505 INFO [14] PinkyAndBrain.ControlLoop.UpdateYasakawaRobotJBIFile - Writing job to the robot.
2017-10-04 15:04:31,729 INFO [14] PinkyAndBrain.ControlLoop.UpdateYasakawaRobotJBIFile - Writing job to the robot ended.
2017-10-04 15:04:31,842 INFO [13] PinkyAndBrain.ControlLoop.MoveYasakawaRobotWithTrajectory - Moving the robot begin.
2017-10-04 15:04:32,887 INFO [13] PinkyAndBrain.ControlLoop.MoveYasakawaRobotWithTrajectory - Moving the robot finished.
2017-10-04 15:06:49,538 INFO [9] PinkyAndBrain._specialModesGroupBox..ctor - Starting program...
2017-10-04 15:06:49,568 INFO [9] LED.Strip.Adressable.LEDController.ResetLeds - Reset Leds begin
2017-10-04 15:06:49,571 INFO [9] LED.Strip.Adressable.LEDController.SendData - Leds packet send.
2017-10-04 15:06:49,582 INFO [9] LED.Strip.Adressable.LEDController.SendData - Leds packet send.
2017-10-04 15:06:49,592 INFO [9] LED.Strip.Adressable.LEDController.SendData - Leds packet send.
2017-10-04 15:06:49,602 INFO [9] LED.Strip.Adressable.LEDController.SendData - Leds packet send.
2017-10-04 15:06:49,613 INFO [9] LED.Strip.Adressable.LEDController.SendData - Leds packet send.
2017-10-04 15:06:49,626 INFO [9] LED.Strip.Adressable.LEDController.ExecuteCommands - Leds execution command sent
2017-10-04 15:06:49,627 INFO [9] LED.Strip.Adressable.LEDController.ResetLeds - Reset Leds finished
